[15:04:48] Print worker started — polling every 2 s
[15:04:48] API server starting on http://127.0.0.1:5000
[15:04:48] EXCEPTION: Unable to configure formatter 'default'
Traceback (most recent call last):
  File "logging\config.py", line 583, in configure
  File "logging\config.py", line 693, in configure_formatter
  File "logging\config.py", line 487, in configure_custom
  File "uvicorn\logging.py", line 42, in __init__
AttributeError: 'NoneType' object has no attribute 'isatty'

The above exception was the direct cause of the following exception:

Traceback (most recent call last):
  File "print_server_app.py", line 283, in start_uvicorn
    uvicorn.run(api, host=HOST, port=PORT, log_level="error")
    ~~~~~~~~~~~^^^^^^^^^^^^^^^^^^^^^^^^^^^^^^^^^^^^^^^^^^^^^^
  File "uvicorn\main.py", line 552, in run
  File "uvicorn\config.py", line 284, in __init__
  File "uvicorn\config.py", line 379, in configure_logging
  File "logging\config.py", line 946, in dictConfig
  File "logging\config.py", line 586, in configure
ValueError: Unable to configure formatter 'default'

[15:05:25] Print worker started — polling every 2 s
[15:05:25] API server starting on http://127.0.0.1:5000
[15:05:25] EXCEPTION: Unable to configure formatter 'default'
Traceback (most recent call last):
  File "logging\config.py", line 583, in configure
  File "logging\config.py", line 693, in configure_formatter
  File "logging\config.py", line 487, in configure_custom
  File "uvicorn\logging.py", line 42, in __init__
AttributeError: 'NoneType' object has no attribute 'isatty'

The above exception was the direct cause of the following exception:

Traceback (most recent call last):
  File "print_server_app.py", line 283, in start_uvicorn
    uvicorn.run(api, host=HOST, port=PORT, log_level="error")
    ~~~~~~~~~~~^^^^^^^^^^^^^^^^^^^^^^^^^^^^^^^^^^^^^^^^^^^^^^
  File "uvicorn\main.py", line 552, in run
  File "uvicorn\config.py", line 284, in __init__
  File "uvicorn\config.py", line 379, in configure_logging
  File "logging\config.py", line 946, in dictConfig
  File "logging\config.py", line 586, in configure
ValueError: Unable to configure formatter 'default'

[15:10:56] Print worker started — polling every 2 s
[15:10:56] API server starting on http://127.0.0.1:5000
[15:11:18] Print worker started — polling every 2 s
[15:11:18] API server starting on http://127.0.0.1:5000
